<?xml version="1.0" encoding="UTF-8"?>
<!-- Generated by org.testng.reporters.JUnitXMLReporter -->
<testsuite ignored="0" hostname="DESKTOP-004GU8S" failures="1" tests="1" name="Test" time="9.143" errors="0" timestamp="2022-01-14T16:59:29 IST">
  <testcase classname="Academy.ValidateTitle" name="BasePageNavigation" time="0.106">
    <failure type="java.lang.AssertionError" message="expected [FEATURED COURSES2] but found [FEATURED COURSES]">
      <![CDATA[java.lang.AssertionError: expected [FEATURED COURSES2] but found [FEATURED COURSES]
at Academy.ValidateTitle.BasePageNavigation(ValidateTitle.java:35)
at java.base/java.util.ArrayList.forEach(ArrayList.java:1511)
at java.base/java.util.concurrent.FutureTask.run(FutureTask.java:264)
at java.base/java.util.concurrent.ThreadPoolExecutor.runWorker(ThreadPoolExecutor.java:1136)
at java.base/java.util.concurrent.ThreadPoolExecutor$Worker.run(ThreadPoolExecutor.java:635)
at java.base/java.lang.Thread.run(Thread.java:833)
... Removed 24 stack frames]]>
    </failure>
  </testcase> <!-- BasePageNavigation -->
</testsuite> <!-- Test -->
