<?xml version="1.0" encoding="UTF-8"?>
<!-- Generated by org.testng.reporters.JUnitXMLReporter -->
<testsuite hostname="DESKTOP-004GU8S" ignored="0" name="Test" tests="1" failures="1" timestamp="2022-01-14T16:53:45 IST" time="13.837" errors="0">
  <testcase name="BasePageNavigation" time="0.085" classname="Academy.ValidateTitle">
    <failure type="java.lang.AssertionError" message="expected [FEATURED COURSES2] but found [FEATURED COURSES]">
      <![CDATA[java.lang.AssertionError: expected [FEATURED COURSES2] but found [FEATURED COURSES]
at Academy.ValidateTitle.BasePageNavigation(ValidateTitle.java:35)
at java.util.ArrayList.forEach(ArrayList.java:1259)
at java.util.concurrent.FutureTask.run(FutureTask.java:266)
at java.util.concurrent.ThreadPoolExecutor.runWorker(ThreadPoolExecutor.java:1149)
at java.util.concurrent.ThreadPoolExecutor$Worker.run(ThreadPoolExecutor.java:624)
at java.lang.Thread.run(Thread.java:748)
... Removed 24 stack frames]]>
    </failure>
  </testcase> <!-- BasePageNavigation -->
</testsuite> <!-- Test -->
